# JRE version: OpenJDK Runtime Environment (11.0.15) (build 11.0.15+0-b2043.56-8887301)
# Java VM: OpenJDK 64-Bit Server VM (11.0.15+0-b2043.56-8887301, mixed mode, tiered, compressed oops, g1 gc, windows-amd64)
Heap:
 garbage-first heap   total 262144K, used 138491K [0x0000000080000000, 0x0000000100000000)
  region size 1024K, 24 young (24576K), 3 survivors (3072K)
 Metaspace       used 138807K, capacity 142704K, committed 142896K, reserved 1173504K
  class space    used 17328K, capacity 18784K, committed 18892K, reserved 1048576K
GC Heap History (20 events):
Event: 2736.320 GC heap before
{Heap before GC invocations=107 (full 0):
 garbage-first heap   total 262144K, used 149504K [0x0000000080000000, 0x0000000100000000)
  region size 1024K, 12 young (12288K), 2 survivors (2048K)
 Metaspace       used 135789K, capacity 139543K, committed 140208K, reserved 1171456K
  class space    used 17004K, capacity 18404K, committed 18764K, reserved 1048576K
}
Event: 2736.396 GC heap after
{Heap after GC invocations=108 (full 0):
 garbage-first heap   total 262144K, used 136428K [0x0000000080000000, 0x0000000100000000)
  region size 1024K, 1 young (1024K), 1 survivors (1024K)
 Metaspace       used 135789K, capacity 139543K, committed 140208K, reserved 1171456K
  class space    used 17004K, capacity 18404K, committed 18764K, reserved 1048576K
}
Event: 2738.766 GC heap before
{Heap before GC invocations=108 (full 0):
 garbage-first heap   total 262144K, used 146668K [0x0000000080000000, 0x0000000100000000)
  region size 1024K, 12 young (12288K), 1 survivors (1024K)
 Metaspace       used 136421K, capacity 140197K, committed 140976K, reserved 1171456K
  class space    used 17074K, capacity 18471K, committed 18764K, reserved 1048576K
}
Event: 2738.814 GC heap after
{Heap after GC invocations=109 (full 0):
 garbage-first heap   total 262144K, used 133120K [0x0000000080000000, 0x0000000100000000)
  region size 1024K, 1 young (1024K), 1 survivors (1024K)
 Metaspace       used 136421K, capacity 140197K, committed 140976K, reserved 1171456K
  class space    used 17074K, capacity 18471K, committed 18764K, reserved 1048576K
}
Event: 2741.249 GC heap before
{Heap before GC invocations=109 (full 0):
 garbage-first heap   total 262144K, used 144384K [0x0000000080000000, 0x0000000100000000)
  region size 1024K, 12 young (12288K), 1 survivors (1024K)
 Metaspace       used 136562K, capacity 140293K, committed 140976K, reserved 1171456K
  class space    used 17091K, capacity 18503K, committed 18764K, reserved 1048576K
}
Event: 2741.542 GC heap after
{Heap after GC invocations=110 (full 0):
 garbage-first heap   total 262144K, used 134529K [0x0000000080000000, 0x0000000100000000)
  region size 1024K, 2 young (2048K), 2 survivors (2048K)
 Metaspace       used 136562K, capacity 140293K, committed 140976K, reserved 1171456K
  class space    used 17091K, capacity 18503K, committed 18764K, reserved 1048576K
}
Event: 2748.180 GC heap before
{Heap before GC invocations=110 (full 0):
 garbage-first heap   total 262144K, used 161153K [0x0000000080000000, 0x0000000100000000)
  region size 1024K, 29 young (29696K), 2 survivors (2048K)
 Metaspace       used 138119K, capacity 141976K, committed 142384K, reserved 1173504K
  class space    used 17275K, capacity 18733K, committed 18892K, reserved 1048576K
}
Event: 2748.209 GC heap after
{Heap after GC invocations=111 (full 0):
 garbage-first heap   total 262144K, used 137061K [0x0000000080000000, 0x0000000100000000)
  region size 1024K, 4 young (4096K), 4 survivors (4096K)
 Metaspace       used 138119K, capacity 141976K, committed 142384K, reserved 1173504K
  class space    used 17275K, capacity 18733K, committed 18892K, reserved 1048576K
}
Event: 2787.886 GC heap before
{Heap before GC invocations=112 (full 0):
 garbage-first heap   total 262144K, used 194405K [0x0000000080000000, 0x0000000100000000)
  region size 1024K, 55 young (56320K), 4 survivors (4096K)
 Metaspace       used 138595K, capacity 142538K, committed 142896K, reserved 1173504K
  class space    used 17326K, capacity 18780K, committed 18892K, reserved 1048576K
}
Event: 2787.968 GC heap after
{Heap after GC invocations=113 (full 0):
 garbage-first heap   total 262144K, used 128041K [0x0000000080000000, 0x0000000100000000)
  region size 1024K, 4 young (4096K), 4 survivors (4096K)
 Metaspace       used 138595K, capacity 142538K, committed 142896K, reserved 1173504K
  class space    used 17326K, capacity 18780K, committed 18892K, reserved 1048576K
}
Event: 2789.225 GC heap before
{Heap before GC invocations=113 (full 0):
 garbage-first heap   total 262144K, used 136233K [0x0000000080000000, 0x0000000100000000)
  region size 1024K, 12 young (12288K), 4 survivors (4096K)
 Metaspace       used 138610K, capacity 142538K, committed 142896K, reserved 1173504K
  class space    used 17326K, capacity 18780K, committed 18892K, reserved 1048576K
}
Event: 2789.330 GC heap after
{Heap after GC invocations=114 (full 0):
 garbage-first heap   total 262144K, used 120794K [0x0000000080000000, 0x0000000100000000)
  region size 1024K, 2 young (2048K), 2 survivors (2048K)
 Metaspace       used 138610K, capacity 142538K, committed 142896K, reserved 1173504K
  class space    used 17326K, capacity 18780K, committed 18892K, reserved 1048576K
}
Event: 2789.675 GC heap before
{Heap before GC invocations=114 (full 0):
 garbage-first heap   total 262144K, used 130010K [0x0000000080000000, 0x0000000100000000)
  region size 1024K, 12 young (12288K), 2 survivors (2048K)
 Metaspace       used 138618K, capacity 142539K, committed 142896K, reserved 1173504K
  class space    used 17326K, capacity 18780K, committed 18892K, reserved 1048576K
}
Event: 2789.775 GC heap after
{Heap after GC invocations=115 (full 0):
 garbage-first heap   total 262144K, used 115038K [0x0000000080000000, 0x0000000100000000)
  region size 1024K, 1 young (1024K), 1 survivors (1024K)
 Metaspace       used 138618K, capacity 142539K, committed 142896K, reserved 1173504K
  class space    used 17326K, capacity 18780K, committed 18892K, reserved 1048576K
}
Event: 2790.527 GC heap before
{Heap before GC invocations=115 (full 0):
 garbage-first heap   total 262144K, used 126302K [0x0000000080000000, 0x0000000100000000)
  region size 1024K, 12 young (12288K), 1 survivors (1024K)
 Metaspace       used 138705K, capacity 142612K, committed 142896K, reserved 1173504K
  class space    used 17326K, capacity 18780K, committed 18892K, reserved 1048576K
}
Event: 2790.688 GC heap after
{Heap after GC invocations=116 (full 0):
 garbage-first heap   total 262144K, used 113662K [0x0000000080000000, 0x0000000100000000)
  region size 1024K, 2 young (2048K), 2 survivors (2048K)
 Metaspace       used 138705K, capacity 142612K, committed 142896K, reserved 1173504K
  class space    used 17326K, capacity 18780K, committed 18892K, reserved 1048576K
}
Event: 2791.518 GC heap before
{Heap before GC invocations=116 (full 0):
 garbage-first heap   total 262144K, used 123902K [0x0000000080000000, 0x0000000100000000)
  region size 1024K, 12 young (12288K), 2 survivors (2048K)
 Metaspace       used 138766K, capacity 142692K, committed 142896K, reserved 1173504K
  class space    used 17327K, capacity 18782K, committed 18892K, reserved 1048576K
}
Event: 2791.552 GC heap after
{Heap after GC invocations=117 (full 0):
 garbage-first heap   total 262144K, used 115484K [0x0000000080000000, 0x0000000100000000)
  region size 1024K, 2 young (2048K), 2 survivors (2048K)
 Metaspace       used 138766K, capacity 142692K, committed 142896K, reserved 1173504K
  class space    used 17327K, capacity 18782K, committed 18892K, reserved 1048576K
}
Event: 2791.744 GC heap before
{Heap before GC invocations=117 (full 0):
 garbage-first heap   total 262144K, used 121628K [0x0000000080000000, 0x0000000100000000)
  region size 1024K, 9 young (9216K), 2 survivors (2048K)
 Metaspace       used 138773K, capacity 142692K, committed 142896K, reserved 1173504K
  class space    used 17327K, capacity 18782K, committed 18892K, reserved 1048576K
}
Event: 2791.778 GC heap after
{Heap after GC invocations=118 (full 0):
 garbage-first heap   total 262144K, used 115963K [0x0000000080000000, 0x0000000100000000)
  region size 1024K, 3 young (3072K), 3 survivors (3072K)
 Metaspace       used 138773K, capacity 142692K, committed 142896K, reserved 1173504K
  class space    used 17327K, capacity 18782K, committed 18892K, reserved 1048576K
}

