# JRE version: OpenJDK Runtime Environment (11.0.15) (build 11.0.15+0-b2043.56-8887301)
# Java VM: OpenJDK 64-Bit Server VM (11.0.15+0-b2043.56-8887301, mixed mode, tiered, compressed oops, g1 gc, windows-amd64)
Heap:
 garbage-first heap   total 325632K, used 239455K [0x0000000080000000, 0x0000000100000000)
  region size 1024K, 6 young (6144K), 2 survivors (2048K)
 Metaspace       used 160999K, capacity 165541K, committed 167164K, reserved 1193984K
  class space    used 19840K, capacity 21541K, committed 22092K, reserved 1048576K
GC Heap History (20 events):
Event: 1865.858 GC heap before
{Heap before GC invocations=143 (full 0):
 garbage-first heap   total 325632K, used 272003K [0x0000000080000000, 0x0000000100000000)
  region size 1024K, 33 young (33792K), 4 survivors (4096K)
 Metaspace       used 161080K, capacity 166047K, committed 166652K, reserved 1193984K
  class space    used 19992K, capacity 21812K, committed 22092K, reserved 1048576K
}
Event: 1865.997 GC heap after
{Heap after GC invocations=144 (full 0):
 garbage-first heap   total 325632K, used 257943K [0x0000000080000000, 0x0000000100000000)
  region size 1024K, 5 young (5120K), 5 survivors (5120K)
 Metaspace       used 161080K, capacity 166047K, committed 166652K, reserved 1193984K
  class space    used 19992K, capacity 21812K, committed 22092K, reserved 1048576K
}
Event: 1870.618 GC heap before
{Heap before GC invocations=145 (full 0):
 garbage-first heap   total 325632K, used 292759K [0x0000000080000000, 0x0000000100000000)
  region size 1024K, 23 young (23552K), 5 survivors (5120K)
 Metaspace       used 160688K, capacity 165317K, committed 166652K, reserved 1193984K
  class space    used 19878K, capacity 21611K, committed 22092K, reserved 1048576K
}
Event: 1870.659 GC heap after
{Heap after GC invocations=146 (full 0):
 garbage-first heap   total 325632K, used 262144K [0x0000000080000000, 0x0000000100000000)
  region size 1024K, 3 young (3072K), 3 survivors (3072K)
 Metaspace       used 160688K, capacity 165317K, committed 166652K, reserved 1193984K
  class space    used 19878K, capacity 21611K, committed 22092K, reserved 1048576K
}
Event: 1871.280 GC heap before
{Heap before GC invocations=146 (full 0):
 garbage-first heap   total 325632K, used 273408K [0x0000000080000000, 0x0000000100000000)
  region size 1024K, 15 young (15360K), 3 survivors (3072K)
 Metaspace       used 160719K, capacity 165393K, committed 166652K, reserved 1193984K
  class space    used 19879K, capacity 21613K, committed 22092K, reserved 1048576K
}
Event: 1871.303 GC heap after
{Heap after GC invocations=147 (full 0):
 garbage-first heap   total 325632K, used 246104K [0x0000000080000000, 0x0000000100000000)
  region size 1024K, 1 young (1024K), 1 survivors (1024K)
 Metaspace       used 160719K, capacity 165393K, committed 166652K, reserved 1193984K
  class space    used 19879K, capacity 21613K, committed 22092K, reserved 1048576K
}
Event: 1871.750 GC heap before
{Heap before GC invocations=147 (full 0):
 garbage-first heap   total 325632K, used 260440K [0x0000000080000000, 0x0000000100000000)
  region size 1024K, 15 young (15360K), 1 survivors (1024K)
 Metaspace       used 160780K, capacity 165394K, committed 166652K, reserved 1193984K
  class space    used 19879K, capacity 21613K, committed 22092K, reserved 1048576K
}
Event: 1871.816 GC heap after
{Heap after GC invocations=148 (full 0):
 garbage-first heap   total 325632K, used 242231K [0x0000000080000000, 0x0000000100000000)
  region size 1024K, 2 young (2048K), 2 survivors (2048K)
 Metaspace       used 160780K, capacity 165394K, committed 166652K, reserved 1193984K
  class space    used 19879K, capacity 21613K, committed 22092K, reserved 1048576K
}
Event: 1872.315 GC heap before
{Heap before GC invocations=148 (full 0):
 garbage-first heap   total 325632K, used 255543K [0x0000000080000000, 0x0000000100000000)
  region size 1024K, 15 young (15360K), 2 survivors (2048K)
 Metaspace       used 160863K, capacity 165558K, committed 166908K, reserved 1193984K
  class space    used 19885K, capacity 21624K, committed 22092K, reserved 1048576K
}
Event: 1872.401 GC heap after
{Heap after GC invocations=149 (full 0):
 garbage-first heap   total 325632K, used 240337K [0x0000000080000000, 0x0000000100000000)
  region size 1024K, 1 young (1024K), 1 survivors (1024K)
 Metaspace       used 160863K, capacity 165558K, committed 166908K, reserved 1193984K
  class space    used 19885K, capacity 21624K, committed 22092K, reserved 1048576K
}
Event: 1882.020 GC heap before
{Heap before GC invocations=149 (full 0):
 garbage-first heap   total 325632K, used 265937K [0x0000000080000000, 0x0000000100000000)
  region size 1024K, 27 young (27648K), 1 survivors (1024K)
 Metaspace       used 160956K, capacity 165617K, committed 166908K, reserved 1193984K
  class space    used 19894K, capacity 21641K, committed 22092K, reserved 1048576K
}
Event: 1882.037 GC heap after
{Heap after GC invocations=150 (full 0):
 garbage-first heap   total 325632K, used 244476K [0x0000000080000000, 0x0000000100000000)
  region size 1024K, 4 young (4096K), 4 survivors (4096K)
 Metaspace       used 160956K, capacity 165617K, committed 166908K, reserved 1193984K
  class space    used 19894K, capacity 21641K, committed 22092K, reserved 1048576K
}
Event: 1882.882 GC heap before
{Heap before GC invocations=151 (full 0):
 garbage-first heap   total 325632K, used 257788K [0x0000000080000000, 0x0000000100000000)
  region size 1024K, 30 young (30720K), 4 survivors (4096K)
 Metaspace       used 160629K, capacity 165089K, committed 166908K, reserved 1193984K
  class space    used 19840K, capacity 21541K, committed 22092K, reserved 1048576K
}
Event: 1882.897 GC heap after
{Heap after GC invocations=152 (full 0):
 garbage-first heap   total 325632K, used 231253K [0x0000000080000000, 0x0000000100000000)
  region size 1024K, 1 young (1024K), 1 survivors (1024K)
 Metaspace       used 160629K, capacity 165089K, committed 166908K, reserved 1193984K
  class space    used 19840K, capacity 21541K, committed 22092K, reserved 1048576K
}
Event: 1883.756 GC heap before
{Heap before GC invocations=152 (full 0):
 garbage-first heap   total 325632K, used 246613K [0x0000000080000000, 0x0000000100000000)
  region size 1024K, 15 young (15360K), 1 survivors (1024K)
 Metaspace       used 160745K, capacity 165346K, committed 167164K, reserved 1193984K
  class space    used 19840K, capacity 21541K, committed 22092K, reserved 1048576K
}
Event: 1883.800 GC heap after
{Heap after GC invocations=153 (full 0):
 garbage-first heap   total 325632K, used 225074K [0x0000000080000000, 0x0000000100000000)
  region size 1024K, 2 young (2048K), 2 survivors (2048K)
 Metaspace       used 160745K, capacity 165346K, committed 167164K, reserved 1193984K
  class space    used 19840K, capacity 21541K, committed 22092K, reserved 1048576K
}
Event: 1885.277 GC heap before
{Heap before GC invocations=153 (full 0):
 garbage-first heap   total 325632K, used 262962K [0x0000000080000000, 0x0000000100000000)
  region size 1024K, 39 young (39936K), 2 survivors (2048K)
 Metaspace       used 160784K, capacity 165348K, committed 167164K, reserved 1193984K
  class space    used 19840K, capacity 21541K, committed 22092K, reserved 1048576K
}
Event: 1885.378 GC heap after
{Heap after GC invocations=154 (full 0):
 garbage-first heap   total 325632K, used 234203K [0x0000000080000000, 0x0000000100000000)
  region size 1024K, 5 young (5120K), 5 survivors (5120K)
 Metaspace       used 160784K, capacity 165348K, committed 167164K, reserved 1193984K
  class space    used 19840K, capacity 21541K, committed 22092K, reserved 1048576K
}
Event: 1886.444 GC heap before
{Heap before GC invocations=155 (full 0):
 garbage-first heap   total 325632K, used 267995K [0x0000000080000000, 0x0000000100000000)
  region size 1024K, 38 young (38912K), 5 survivors (5120K)
 Metaspace       used 160975K, capacity 165541K, committed 167164K, reserved 1193984K
  class space    used 19840K, capacity 21541K, committed 22092K, reserved 1048576K
}
Event: 1886.466 GC heap after
{Heap after GC invocations=156 (full 0):
 garbage-first heap   total 325632K, used 236383K [0x0000000080000000, 0x0000000100000000)
  region size 1024K, 2 young (2048K), 2 survivors (2048K)
 Metaspace       used 160975K, capacity 165541K, committed 167164K, reserved 1193984K
  class space    used 19840K, capacity 21541K, committed 22092K, reserved 1048576K
}

