# JRE version: OpenJDK Runtime Environment (11.0.15) (build 11.0.15+0-b2043.56-8887301)
# Java VM: OpenJDK 64-Bit Server VM (11.0.15+0-b2043.56-8887301, mixed mode, tiered, compressed oops, g1 gc, windows-amd64)
Heap:
 garbage-first heap   total 233472K, used 142278K [0x0000000080000000, 0x0000000100000000)
  region size 1024K, 19 young (19456K), 6 survivors (6144K)
 Metaspace       used 138981K, capacity 143207K, committed 143312K, reserved 1173504K
  class space    used 17328K, capacity 18932K, committed 19020K, reserved 1048576K
GC Heap History (20 events):
Event: 1788.717 GC heap before
{Heap before GC invocations=93 (full 0):
 garbage-first heap   total 231424K, used 185673K [0x0000000080000000, 0x0000000100000000)
  region size 1024K, 52 young (53248K), 2 survivors (2048K)
 Metaspace       used 137654K, capacity 141816K, committed 142032K, reserved 1173504K
  class space    used 17263K, capacity 18837K, committed 19020K, reserved 1048576K
}
Event: 1789.136 GC heap after
{Heap after GC invocations=94 (full 0):
 garbage-first heap   total 231424K, used 136657K [0x0000000080000000, 0x0000000100000000)
  region size 1024K, 3 young (3072K), 3 survivors (3072K)
 Metaspace       used 137654K, capacity 141816K, committed 142032K, reserved 1173504K
  class space    used 17263K, capacity 18837K, committed 19020K, reserved 1048576K
}
Event: 1791.932 GC heap before
{Heap before GC invocations=94 (full 0):
 garbage-first heap   total 231424K, used 144849K [0x0000000080000000, 0x0000000100000000)
  region size 1024K, 11 young (11264K), 3 survivors (3072K)
 Metaspace       used 137724K, capacity 141962K, committed 142288K, reserved 1173504K
  class space    used 17265K, capacity 18840K, committed 19020K, reserved 1048576K
}
Event: 1792.009 GC heap after
{Heap after GC invocations=95 (full 0):
 garbage-first heap   total 231424K, used 138035K [0x0000000080000000, 0x0000000100000000)
  region size 1024K, 2 young (2048K), 2 survivors (2048K)
 Metaspace       used 137724K, capacity 141962K, committed 142288K, reserved 1173504K
  class space    used 17265K, capacity 18840K, committed 19020K, reserved 1048576K
}
Event: 1807.703 GC heap before
{Heap before GC invocations=96 (full 0):
 garbage-first heap   total 231424K, used 169779K [0x0000000080000000, 0x0000000100000000)
  region size 1024K, 36 young (36864K), 2 survivors (2048K)
 Metaspace       used 137827K, capacity 141913K, committed 142288K, reserved 1173504K
  class space    used 17238K, capacity 18793K, committed 19020K, reserved 1048576K
}
Event: 1807.750 GC heap after
{Heap after GC invocations=97 (full 0):
 garbage-first heap   total 231424K, used 139970K [0x0000000080000000, 0x0000000100000000)
  region size 1024K, 5 young (5120K), 5 survivors (5120K)
 Metaspace       used 137827K, capacity 141913K, committed 142288K, reserved 1173504K
  class space    used 17238K, capacity 18793K, committed 19020K, reserved 1048576K
}
Event: 1808.267 GC heap before
{Heap before GC invocations=97 (full 0):
 garbage-first heap   total 231424K, used 146114K [0x0000000080000000, 0x0000000100000000)
  region size 1024K, 11 young (11264K), 5 survivors (5120K)
 Metaspace       used 137853K, capacity 141932K, committed 142288K, reserved 1173504K
  class space    used 17240K, capacity 18797K, committed 19020K, reserved 1048576K
}
Event: 1808.374 GC heap after
{Heap after GC invocations=98 (full 0):
 garbage-first heap   total 231424K, used 123429K [0x0000000080000000, 0x0000000100000000)
  region size 1024K, 1 young (1024K), 1 survivors (1024K)
 Metaspace       used 137853K, capacity 141932K, committed 142288K, reserved 1173504K
  class space    used 17240K, capacity 18797K, committed 19020K, reserved 1048576K
}
Event: 1809.422 GC heap before
{Heap before GC invocations=98 (full 0):
 garbage-first heap   total 231424K, used 135717K [0x0000000080000000, 0x0000000100000000)
  region size 1024K, 11 young (11264K), 1 survivors (1024K)
 Metaspace       used 137913K, capacity 141996K, committed 142544K, reserved 1173504K
  class space    used 17241K, capacity 18797K, committed 19020K, reserved 1048576K
}
Event: 1809.471 GC heap after
{Heap after GC invocations=99 (full 0):
 garbage-first heap   total 231424K, used 126783K [0x0000000080000000, 0x0000000100000000)
  region size 1024K, 2 young (2048K), 2 survivors (2048K)
 Metaspace       used 137913K, capacity 141996K, committed 142544K, reserved 1173504K
  class space    used 17241K, capacity 18797K, committed 19020K, reserved 1048576K
}
Event: 1814.616 GC heap before
{Heap before GC invocations=99 (full 0):
 garbage-first heap   total 231424K, used 180031K [0x0000000080000000, 0x0000000100000000)
  region size 1024K, 54 young (55296K), 2 survivors (2048K)
 Metaspace       used 138166K, capacity 142323K, committed 142800K, reserved 1173504K
  class space    used 17252K, capacity 18818K, committed 19020K, reserved 1048576K
}
Event: 1814.681 GC heap after
{Heap after GC invocations=100 (full 0):
 garbage-first heap   total 231424K, used 134247K [0x0000000080000000, 0x0000000100000000)
  region size 1024K, 7 young (7168K), 7 survivors (7168K)
 Metaspace       used 138166K, capacity 142323K, committed 142800K, reserved 1173504K
  class space    used 17252K, capacity 18818K, committed 19020K, reserved 1048576K
}
Event: 1818.556 GC heap before
{Heap before GC invocations=100 (full 0):
 garbage-first heap   total 231424K, used 162919K [0x0000000080000000, 0x0000000100000000)
  region size 1024K, 37 young (37888K), 7 survivors (7168K)
 Metaspace       used 138501K, capacity 142611K, committed 142800K, reserved 1173504K
  class space    used 17290K, capacity 18865K, committed 19020K, reserved 1048576K
}
Event: 1818.594 GC heap after
{Heap after GC invocations=101 (full 0):
 garbage-first heap   total 231424K, used 136055K [0x0000000080000000, 0x0000000100000000)
  region size 1024K, 2 young (2048K), 2 survivors (2048K)
 Metaspace       used 138501K, capacity 142611K, committed 142800K, reserved 1173504K
  class space    used 17290K, capacity 18865K, committed 19020K, reserved 1048576K
}
Event: 2314.584 GC heap before
{Heap before GC invocations=102 (full 0):
 garbage-first heap   total 231424K, used 226167K [0x0000000080000000, 0x0000000100000000)
  region size 1024K, 44 young (45056K), 2 survivors (2048K)
 Metaspace       used 138729K, capacity 142978K, committed 143312K, reserved 1173504K
  class space    used 17303K, capacity 18886K, committed 19020K, reserved 1048576K
}
Event: 2314.875 GC heap after
{Heap after GC invocations=103 (full 0):
 garbage-first heap   total 233472K, used 135667K [0x0000000080000000, 0x0000000100000000)
  region size 1024K, 5 young (5120K), 5 survivors (5120K)
 Metaspace       used 138729K, capacity 142978K, committed 143312K, reserved 1173504K
  class space    used 17303K, capacity 18886K, committed 19020K, reserved 1048576K
}
Event: 2316.122 GC heap before
{Heap before GC invocations=103 (full 0):
 garbage-first heap   total 233472K, used 141811K [0x0000000080000000, 0x0000000100000000)
  region size 1024K, 11 young (11264K), 5 survivors (5120K)
 Metaspace       used 138820K, capacity 143015K, committed 143312K, reserved 1173504K
  class space    used 17307K, capacity 18892K, committed 19020K, reserved 1048576K
}
Event: 2316.294 GC heap after
{Heap after GC invocations=104 (full 0):
 garbage-first heap   total 233472K, used 124613K [0x0000000080000000, 0x0000000100000000)
  region size 1024K, 2 young (2048K), 2 survivors (2048K)
 Metaspace       used 138820K, capacity 143015K, committed 143312K, reserved 1173504K
  class space    used 17307K, capacity 18892K, committed 19020K, reserved 1048576K
}
Event: 2320.826 GC heap before
{Heap before GC invocations=104 (full 0):
 garbage-first heap   total 233472K, used 163525K [0x0000000080000000, 0x0000000100000000)
  region size 1024K, 42 young (43008K), 2 survivors (2048K)
 Metaspace       used 138981K, capacity 143207K, committed 143312K, reserved 1173504K
  class space    used 17328K, capacity 18932K, committed 19020K, reserved 1048576K
}
Event: 2320.892 GC heap after
{Heap after GC invocations=105 (full 0):
 garbage-first heap   total 233472K, used 128966K [0x0000000080000000, 0x0000000100000000)
  region size 1024K, 6 young (6144K), 6 survivors (6144K)
 Metaspace       used 138981K, capacity 143207K, committed 143312K, reserved 1173504K
  class space    used 17328K, capacity 18932K, committed 19020K, reserved 1048576K
}

