# JRE version: OpenJDK Runtime Environment (11.0.15) (build 11.0.15+0-b2043.56-8887301)
# Java VM: OpenJDK 64-Bit Server VM (11.0.15+0-b2043.56-8887301, mixed mode, tiered, compressed oops, g1 gc, windows-amd64)
Heap:
 garbage-first heap   total 95232K, used 79405K [0x0000000080000000, 0x0000000100000000)
  region size 1024K, 28 young (28672K), 4 survivors (4096K)
 Metaspace       used 62736K, capacity 64330K, committed 64592K, reserved 1105920K
  class space    used 7892K, capacity 8517K, committed 8652K, reserved 1048576K
GC Heap History (20 events):
Event: 7.888 GC heap after
{Heap after GC invocations=10 (full 0):
 garbage-first heap   total 78848K, used 23275K [0x0000000080000000, 0x0000000100000000)
  region size 1024K, 5 young (5120K), 5 survivors (5120K)
 Metaspace       used 35077K, capacity 35957K, committed 36048K, reserved 1081344K
  class space    used 4569K, capacity 4921K, committed 4940K, reserved 1048576K
}
Event: 8.522 GC heap before
{Heap before GC invocations=11 (full 0):
 garbage-first heap   total 78848K, used 57067K [0x0000000080000000, 0x0000000100000000)
  region size 1024K, 38 young (38912K), 5 survivors (5120K)
 Metaspace       used 38657K, capacity 39612K, committed 39888K, reserved 1083392K
  class space    used 4959K, capacity 5326K, committed 5452K, reserved 1048576K
}
Event: 8.539 GC heap after
{Heap after GC invocations=12 (full 0):
 garbage-first heap   total 78848K, used 26417K [0x0000000080000000, 0x0000000100000000)
  region size 1024K, 5 young (5120K), 5 survivors (5120K)
 Metaspace       used 38657K, capacity 39612K, committed 39888K, reserved 1083392K
  class space    used 4959K, capacity 5326K, committed 5452K, reserved 1048576K
}
Event: 9.142 GC heap before
{Heap before GC invocations=13 (full 0):
 garbage-first heap   total 78848K, used 61233K [0x0000000080000000, 0x0000000100000000)
  region size 1024K, 37 young (37888K), 5 survivors (5120K)
 Metaspace       used 41054K, capacity 42003K, committed 42064K, reserved 1085440K
  class space    used 5199K, capacity 5563K, committed 5580K, reserved 1048576K
}
Event: 9.155 GC heap after
{Heap after GC invocations=14 (full 0):
 garbage-first heap   total 78848K, used 29466K [0x0000000080000000, 0x0000000100000000)
  region size 1024K, 3 young (3072K), 3 survivors (3072K)
 Metaspace       used 41054K, capacity 42003K, committed 42064K, reserved 1085440K
  class space    used 5199K, capacity 5563K, committed 5580K, reserved 1048576K
}
Event: 9.782 GC heap before
{Heap before GC invocations=14 (full 0):
 garbage-first heap   total 78848K, used 61210K [0x0000000080000000, 0x0000000100000000)
  region size 1024K, 34 young (34816K), 3 survivors (3072K)
 Metaspace       used 43846K, capacity 44900K, committed 45136K, reserved 1089536K
  class space    used 5622K, capacity 6032K, committed 6092K, reserved 1048576K
}
Event: 9.794 GC heap after
{Heap after GC invocations=15 (full 0):
 garbage-first heap   total 78848K, used 30887K [0x0000000080000000, 0x0000000100000000)
  region size 1024K, 5 young (5120K), 5 survivors (5120K)
 Metaspace       used 43846K, capacity 44900K, committed 45136K, reserved 1089536K
  class space    used 5622K, capacity 6032K, committed 6092K, reserved 1048576K
}
Event: 10.277 GC heap before
{Heap before GC invocations=15 (full 0):
 garbage-first heap   total 78848K, used 61607K [0x0000000080000000, 0x0000000100000000)
  region size 1024K, 35 young (35840K), 5 survivors (5120K)
 Metaspace       used 46425K, capacity 47557K, committed 47824K, reserved 1091584K
  class space    used 5922K, capacity 6340K, committed 6476K, reserved 1048576K
}
Event: 10.288 GC heap after
{Heap after GC invocations=16 (full 0):
 garbage-first heap   total 95232K, used 32151K [0x0000000080000000, 0x0000000100000000)
  region size 1024K, 3 young (3072K), 3 survivors (3072K)
 Metaspace       used 46425K, capacity 47557K, committed 47824K, reserved 1091584K
  class space    used 5922K, capacity 6340K, committed 6476K, reserved 1048576K
}
Event: 11.225 GC heap before
{Heap before GC invocations=16 (full 0):
 garbage-first heap   total 95232K, used 70039K [0x0000000080000000, 0x0000000100000000)
  region size 1024K, 40 young (40960K), 3 survivors (3072K)
 Metaspace       used 49133K, capacity 50374K, committed 50640K, reserved 1093632K
  class space    used 6241K, capacity 6703K, committed 6732K, reserved 1048576K
}
Event: 11.237 GC heap after
{Heap after GC invocations=17 (full 0):
 garbage-first heap   total 95232K, used 33623K [0x0000000080000000, 0x0000000100000000)
  region size 1024K, 3 young (3072K), 3 survivors (3072K)
 Metaspace       used 49133K, capacity 50374K, committed 50640K, reserved 1093632K
  class space    used 6241K, capacity 6703K, committed 6732K, reserved 1048576K
}
Event: 12.389 GC heap before
{Heap before GC invocations=17 (full 0):
 garbage-first heap   total 95232K, used 72535K [0x0000000080000000, 0x0000000100000000)
  region size 1024K, 39 young (39936K), 3 survivors (3072K)
 Metaspace       used 50963K, capacity 52293K, committed 52432K, reserved 1095680K
  class space    used 6441K, capacity 6942K, committed 6988K, reserved 1048576K
}
Event: 12.399 GC heap after
{Heap after GC invocations=18 (full 0):
 garbage-first heap   total 95232K, used 43420K [0x0000000080000000, 0x0000000100000000)
  region size 1024K, 5 young (5120K), 5 survivors (5120K)
 Metaspace       used 50963K, capacity 52293K, committed 52432K, reserved 1095680K
  class space    used 6441K, capacity 6942K, committed 6988K, reserved 1048576K
}
Event: 13.052 GC heap before
{Heap before GC invocations=18 (full 0):
 garbage-first heap   total 95232K, used 74140K [0x0000000080000000, 0x0000000100000000)
  region size 1024K, 35 young (35840K), 5 survivors (5120K)
 Metaspace       used 55413K, capacity 56824K, committed 57168K, reserved 1099776K
  class space    used 6977K, capacity 7533K, committed 7628K, reserved 1048576K
}
Event: 13.058 GC heap after
{Heap after GC invocations=19 (full 0):
 garbage-first heap   total 95232K, used 44346K [0x0000000080000000, 0x0000000100000000)
  region size 1024K, 1 young (1024K), 1 survivors (1024K)
 Metaspace       used 55413K, capacity 56824K, committed 57168K, reserved 1099776K
  class space    used 6977K, capacity 7533K, committed 7628K, reserved 1048576K
}
Event: 13.877 GC heap before
{Heap before GC invocations=19 (full 0):
 garbage-first heap   total 95232K, used 75066K [0x0000000080000000, 0x0000000100000000)
  region size 1024K, 31 young (31744K), 1 survivors (1024K)
 Metaspace       used 59652K, capacity 61253K, committed 61392K, reserved 1101824K
  class space    used 7517K, capacity 8160K, committed 8268K, reserved 1048576K
}
Event: 13.884 GC heap after
{Heap after GC invocations=20 (full 0):
 garbage-first heap   total 95232K, used 45882K [0x0000000080000000, 0x0000000100000000)
  region size 1024K, 3 young (3072K), 3 survivors (3072K)
 Metaspace       used 59652K, capacity 61253K, committed 61392K, reserved 1101824K
  class space    used 7517K, capacity 8160K, committed 8268K, reserved 1048576K
}
Event: 14.241 GC heap before
{Heap before GC invocations=21 (full 0):
 garbage-first heap   total 95232K, used 55098K [0x0000000080000000, 0x0000000100000000)
  region size 1024K, 13 young (13312K), 3 survivors (3072K)
 Metaspace       used 61508K, capacity 63080K, committed 63312K, reserved 1103872K
  class space    used 7726K, capacity 8320K, committed 8396K, reserved 1048576K
}
Event: 14.250 GC heap after
{Heap after GC invocations=22 (full 0):
 garbage-first heap   total 95232K, used 47661K [0x0000000080000000, 0x0000000100000000)
  region size 1024K, 4 young (4096K), 4 survivors (4096K)
 Metaspace       used 61508K, capacity 63080K, committed 63312K, reserved 1103872K
  class space    used 7726K, capacity 8320K, committed 8396K, reserved 1048576K
}
Event: 14.710 GC heap before
{Heap before GC invocations=23 (full 0):
 garbage-first heap   total 95232K, used 79405K [0x0000000080000000, 0x0000000100000000)
  region size 1024K, 28 young (28672K), 4 survivors (4096K)
 Metaspace       used 62736K, capacity 64330K, committed 64592K, reserved 1105920K
  class space    used 7892K, capacity 8517K, committed 8652K, reserved 1048576K
}

