# JRE version: OpenJDK Runtime Environment (11.0.15) (build 11.0.15+0-b2043.56-8887301)
# Java VM: OpenJDK 64-Bit Server VM (11.0.15+0-b2043.56-8887301, mixed mode, tiered, compressed oops, g1 gc, windows-amd64)
Heap:
 garbage-first heap   total 265216K, used 166343K [0x0000000080000000, 0x0000000100000000)
  region size 1024K, 12 young (12288K), 5 survivors (5120K)
 Metaspace       used 144376K, capacity 148479K, committed 149200K, reserved 1179648K
  class space    used 17883K, capacity 19483K, committed 19788K, reserved 1048576K
GC Heap History (20 events):
Event: 2006.785 GC heap before
{Heap before GC invocations=73 (full 0):
 garbage-first heap   total 265216K, used 213038K [0x0000000080000000, 0x0000000100000000)
  region size 1024K, 61 young (62464K), 1 survivors (1024K)
 Metaspace       used 138110K, capacity 142288K, committed 142416K, reserved 1173504K
  class space    used 17130K, capacity 18769K, committed 18892K, reserved 1048576K
}
Event: 2007.025 GC heap after
{Heap after GC invocations=74 (full 0):
 garbage-first heap   total 265216K, used 122986K [0x0000000080000000, 0x0000000100000000)
  region size 1024K, 5 young (5120K), 5 survivors (5120K)
 Metaspace       used 138110K, capacity 142288K, committed 142416K, reserved 1173504K
  class space    used 17130K, capacity 18769K, committed 18892K, reserved 1048576K
}
Event: 2010.857 GC heap before
{Heap before GC invocations=74 (full 0):
 garbage-first heap   total 265216K, used 164970K [0x0000000080000000, 0x0000000100000000)
  region size 1024K, 48 young (49152K), 5 survivors (5120K)
 Metaspace       used 138222K, capacity 142442K, committed 142672K, reserved 1173504K
  class space    used 17133K, capacity 18774K, committed 18892K, reserved 1048576K
}
Event: 2010.902 GC heap after
{Heap after GC invocations=75 (full 0):
 garbage-first heap   total 265216K, used 127550K [0x0000000080000000, 0x0000000100000000)
  region size 1024K, 10 young (10240K), 10 survivors (10240K)
 Metaspace       used 138222K, capacity 142442K, committed 142672K, reserved 1173504K
  class space    used 17133K, capacity 18774K, committed 18892K, reserved 1048576K
}
Event: 2016.932 GC heap before
{Heap before GC invocations=76 (full 0):
 garbage-first heap   total 265216K, used 194110K [0x0000000080000000, 0x0000000100000000)
  region size 1024K, 74 young (75776K), 10 survivors (10240K)
 Metaspace       used 137584K, capacity 141415K, committed 142928K, reserved 1173504K
  class space    used 16923K, capacity 18364K, committed 18892K, reserved 1048576K
}
Event: 2017.023 GC heap after
{Heap after GC invocations=77 (full 0):
 garbage-first heap   total 265216K, used 130640K [0x0000000080000000, 0x0000000100000000)
  region size 1024K, 6 young (6144K), 6 survivors (6144K)
 Metaspace       used 137584K, capacity 141415K, committed 142928K, reserved 1173504K
  class space    used 16923K, capacity 18364K, committed 18892K, reserved 1048576K
}
Event: 2019.358 GC heap before
{Heap before GC invocations=77 (full 0):
 garbage-first heap   total 265216K, used 187984K [0x0000000080000000, 0x0000000100000000)
  region size 1024K, 12 young (12288K), 6 survivors (6144K)
 Metaspace       used 137588K, capacity 141415K, committed 142928K, reserved 1173504K
  class space    used 16923K, capacity 18364K, committed 18892K, reserved 1048576K
}
Event: 2019.458 GC heap after
{Heap after GC invocations=78 (full 0):
 garbage-first heap   total 265216K, used 117233K [0x0000000080000000, 0x0000000100000000)
  region size 1024K, 1 young (1024K), 1 survivors (1024K)
 Metaspace       used 137588K, capacity 141415K, committed 142928K, reserved 1173504K
  class space    used 16923K, capacity 18364K, committed 18892K, reserved 1048576K
}
Event: 2473.880 GC heap before
{Heap before GC invocations=78 (full 0):
 garbage-first heap   total 265216K, used 127473K [0x0000000080000000, 0x0000000100000000)
  region size 1024K, 12 young (12288K), 1 survivors (1024K)
 Metaspace       used 137606K, capacity 141416K, committed 142928K, reserved 1173504K
  class space    used 16923K, capacity 18364K, committed 18892K, reserved 1048576K
}
Event: 2474.325 GC heap after
{Heap after GC invocations=79 (full 0):
 garbage-first heap   total 265216K, used 114459K [0x0000000080000000, 0x0000000100000000)
  region size 1024K, 1 young (1024K), 1 survivors (1024K)
 Metaspace       used 137606K, capacity 141416K, committed 142928K, reserved 1173504K
  class space    used 16923K, capacity 18364K, committed 18892K, reserved 1048576K
}
Event: 3499.486 GC heap before
{Heap before GC invocations=79 (full 0):
 garbage-first heap   total 265216K, used 134939K [0x0000000080000000, 0x0000000100000000)
  region size 1024K, 23 young (23552K), 1 survivors (1024K)
 Metaspace       used 137748K, capacity 141590K, committed 142928K, reserved 1173504K
  class space    used 16941K, capacity 18388K, committed 18892K, reserved 1048576K
}
Event: 3499.726 GC heap after
{Heap after GC invocations=80 (full 0):
 garbage-first heap   total 265216K, used 114696K [0x0000000080000000, 0x0000000100000000)
  region size 1024K, 1 young (1024K), 1 survivors (1024K)
 Metaspace       used 137748K, capacity 141590K, committed 142928K, reserved 1173504K
  class space    used 16941K, capacity 18388K, committed 18892K, reserved 1048576K
}
Event: 3512.211 GC heap before
{Heap before GC invocations=81 (full 0):
 garbage-first heap   total 265216K, used 188424K [0x0000000080000000, 0x0000000100000000)
  region size 1024K, 39 young (39936K), 1 survivors (1024K)
 Metaspace       used 139001K, capacity 142969K, committed 144080K, reserved 1175552K
  class space    used 17117K, capacity 18591K, committed 19020K, reserved 1048576K
}
Event: 3512.278 GC heap after
{Heap after GC invocations=82 (full 0):
 garbage-first heap   total 265216K, used 158216K [0x0000000080000000, 0x0000000100000000)
  region size 1024K, 5 young (5120K), 5 survivors (5120K)
 Metaspace       used 139001K, capacity 142969K, committed 144080K, reserved 1175552K
  class space    used 17117K, capacity 18591K, committed 19020K, reserved 1048576K
}
Event: 3512.735 GC heap before
{Heap before GC invocations=82 (full 0):
 garbage-first heap   total 265216K, used 170504K [0x0000000080000000, 0x0000000100000000)
  region size 1024K, 12 young (12288K), 5 survivors (5120K)
 Metaspace       used 139333K, capacity 143280K, committed 144464K, reserved 1175552K
  class space    used 17176K, capacity 18672K, committed 19148K, reserved 1048576K
}
Event: 3512.815 GC heap after
{Heap after GC invocations=83 (full 0):
 garbage-first heap   total 265216K, used 158251K [0x0000000080000000, 0x0000000100000000)
  region size 1024K, 1 young (1024K), 1 survivors (1024K)
 Metaspace       used 139333K, capacity 143280K, committed 144464K, reserved 1175552K
  class space    used 17176K, capacity 18672K, committed 19148K, reserved 1048576K
}
Event: 3513.825 GC heap before
{Heap before GC invocations=83 (full 0):
 garbage-first heap   total 265216K, used 169515K [0x0000000080000000, 0x0000000100000000)
  region size 1024K, 12 young (12288K), 1 survivors (1024K)
 Metaspace       used 139522K, capacity 143513K, committed 144464K, reserved 1175552K
  class space    used 17212K, capacity 18749K, committed 19148K, reserved 1048576K
}
Event: 3513.892 GC heap after
{Heap after GC invocations=84 (full 0):
 garbage-first heap   total 265216K, used 157412K [0x0000000080000000, 0x0000000100000000)
  region size 1024K, 2 young (2048K), 2 survivors (2048K)
 Metaspace       used 139522K, capacity 143513K, committed 144464K, reserved 1175552K
  class space    used 17212K, capacity 18749K, committed 19148K, reserved 1048576K
}
Event: 3516.896 GC heap before
{Heap before GC invocations=84 (full 0):
 garbage-first heap   total 265216K, used 210660K [0x0000000080000000, 0x0000000100000000)
  region size 1024K, 54 young (55296K), 2 survivors (2048K)
 Metaspace       used 143341K, capacity 147433K, committed 148304K, reserved 1177600K
  class space    used 17782K, capacity 19330K, committed 19660K, reserved 1048576K
}
Event: 3516.944 GC heap after
{Heap after GC invocations=85 (full 0):
 garbage-first heap   total 265216K, used 160199K [0x0000000080000000, 0x0000000100000000)
  region size 1024K, 5 young (5120K), 5 survivors (5120K)
 Metaspace       used 143341K, capacity 147433K, committed 148304K, reserved 1177600K
  class space    used 17782K, capacity 19330K, committed 19660K, reserved 1048576K
}

