# JRE version: OpenJDK Runtime Environment (11.0.15) (build 11.0.15+0-b2043.56-8887301)
# Java VM: OpenJDK 64-Bit Server VM (11.0.15+0-b2043.56-8887301, mixed mode, tiered, compressed oops, g1 gc, windows-amd64)
Heap:
 garbage-first heap   total 239616K, used 166636K [0x0000000080000000, 0x0000000100000000)
  region size 1024K, 12 young (12288K), 2 survivors (2048K)
 Metaspace       used 135003K, capacity 139434K, committed 139728K, reserved 1169408K
  class space    used 17170K, capacity 18841K, committed 19020K, reserved 1048576K
GC Heap History (20 events):
Event: 2225.456 GC heap after
{Heap after GC invocations=69 (full 0):
 garbage-first heap   total 239616K, used 122608K [0x0000000080000000, 0x0000000100000000)
  region size 1024K, 3 young (3072K), 3 survivors (3072K)
 Metaspace       used 132752K, capacity 136943K, committed 137552K, reserved 1169408K
  class space    used 16867K, capacity 18470K, committed 18636K, reserved 1048576K
}
Event: 2225.865 GC heap before
{Heap before GC invocations=69 (full 0):
 garbage-first heap   total 239616K, used 138992K [0x0000000080000000, 0x0000000100000000)
  region size 1024K, 20 young (20480K), 3 survivors (3072K)
 Metaspace       used 132755K, capacity 136943K, committed 137552K, reserved 1169408K
  class space    used 16867K, capacity 18470K, committed 18636K, reserved 1048576K
}
Event: 2225.876 GC heap after
{Heap after GC invocations=70 (full 0):
 garbage-first heap   total 239616K, used 122951K [0x0000000080000000, 0x0000000100000000)
  region size 1024K, 1 young (1024K), 1 survivors (1024K)
 Metaspace       used 132755K, capacity 136943K, committed 137552K, reserved 1169408K
  class space    used 16867K, capacity 18470K, committed 18636K, reserved 1048576K
}
Event: 2226.924 GC heap before
{Heap before GC invocations=70 (full 0):
 garbage-first heap   total 239616K, used 131143K [0x0000000080000000, 0x0000000100000000)
  region size 1024K, 11 young (11264K), 1 survivors (1024K)
 Metaspace       used 132783K, capacity 137020K, committed 137552K, reserved 1169408K
  class space    used 16869K, capacity 18473K, committed 18636K, reserved 1048576K
}
Event: 2226.931 GC heap after
{Heap after GC invocations=71 (full 0):
 garbage-first heap   total 239616K, used 123334K [0x0000000080000000, 0x0000000100000000)
  region size 1024K, 1 young (1024K), 1 survivors (1024K)
 Metaspace       used 132783K, capacity 137020K, committed 137552K, reserved 1169408K
  class space    used 16869K, capacity 18473K, committed 18636K, reserved 1048576K
}
Event: 2335.488 GC heap before
{Heap before GC invocations=72 (full 0):
 garbage-first heap   total 239616K, used 189894K [0x0000000080000000, 0x0000000100000000)
  region size 1024K, 51 young (52224K), 1 survivors (1024K)
 Metaspace       used 133026K, capacity 137220K, committed 137552K, reserved 1169408K
  class space    used 16880K, capacity 18494K, committed 18636K, reserved 1048576K
}
Event: 2335.507 GC heap after
{Heap after GC invocations=73 (full 0):
 garbage-first heap   total 239616K, used 128432K [0x0000000080000000, 0x0000000100000000)
  region size 1024K, 6 young (6144K), 6 survivors (6144K)
 Metaspace       used 133026K, capacity 137220K, committed 137552K, reserved 1169408K
  class space    used 16880K, capacity 18494K, committed 18636K, reserved 1048576K
}
Event: 2335.644 GC heap before
{Heap before GC invocations=73 (full 0):
 garbage-first heap   total 239616K, used 132528K [0x0000000080000000, 0x0000000100000000)
  region size 1024K, 11 young (11264K), 6 survivors (6144K)
 Metaspace       used 133032K, capacity 137221K, committed 137552K, reserved 1169408K
  class space    used 16880K, capacity 18494K, committed 18636K, reserved 1048576K
}
Event: 2335.684 GC heap after
{Heap after GC invocations=74 (full 0):
 garbage-first heap   total 239616K, used 120158K [0x0000000080000000, 0x0000000100000000)
  region size 1024K, 1 young (1024K), 1 survivors (1024K)
 Metaspace       used 133032K, capacity 137221K, committed 137552K, reserved 1169408K
  class space    used 16880K, capacity 18494K, committed 18636K, reserved 1048576K
}
Event: 2336.111 GC heap before
{Heap before GC invocations=74 (full 0):
 garbage-first heap   total 239616K, used 130398K [0x0000000080000000, 0x0000000100000000)
  region size 1024K, 11 young (11264K), 1 survivors (1024K)
 Metaspace       used 133069K, capacity 137294K, committed 137552K, reserved 1169408K
  class space    used 16880K, capacity 18494K, committed 18636K, reserved 1048576K
}
Event: 2336.141 GC heap after
{Heap after GC invocations=75 (full 0):
 garbage-first heap   total 239616K, used 115850K [0x0000000080000000, 0x0000000100000000)
  region size 1024K, 2 young (2048K), 2 survivors (2048K)
 Metaspace       used 133069K, capacity 137294K, committed 137552K, reserved 1169408K
  class space    used 16880K, capacity 18494K, committed 18636K, reserved 1048576K
}
Event: 2336.348 GC heap before
{Heap before GC invocations=75 (full 0):
 garbage-first heap   total 239616K, used 125066K [0x0000000080000000, 0x0000000100000000)
  region size 1024K, 11 young (11264K), 2 survivors (2048K)
 Metaspace       used 133092K, capacity 137361K, committed 137808K, reserved 1169408K
  class space    used 16880K, capacity 18495K, committed 18636K, reserved 1048576K
}
Event: 2336.367 GC heap after
{Heap after GC invocations=76 (full 0):
 garbage-first heap   total 239616K, used 116794K [0x0000000080000000, 0x0000000100000000)
  region size 1024K, 2 young (2048K), 2 survivors (2048K)
 Metaspace       used 133092K, capacity 137361K, committed 137808K, reserved 1169408K
  class space    used 16880K, capacity 18495K, committed 18636K, reserved 1048576K
}
Event: 3091.959 GC heap before
{Heap before GC invocations=76 (full 0):
 garbage-first heap   total 239616K, used 149562K [0x0000000080000000, 0x0000000100000000)
  region size 1024K, 36 young (36864K), 2 survivors (2048K)
 Metaspace       used 133211K, capacity 137517K, committed 137808K, reserved 1169408K
  class space    used 16898K, capacity 18516K, committed 18636K, reserved 1048576K
}
Event: 3092.161 GC heap after
{Heap after GC invocations=77 (full 0):
 garbage-first heap   total 239616K, used 117824K [0x0000000080000000, 0x0000000100000000)
  region size 1024K, 3 young (3072K), 3 survivors (3072K)
 Metaspace       used 133211K, capacity 137517K, committed 137808K, reserved 1169408K
  class space    used 16898K, capacity 18516K, committed 18636K, reserved 1048576K
}
Event: 3096.666 GC heap before
{Heap before GC invocations=78 (full 0):
 garbage-first heap   total 239616K, used 200768K [0x0000000080000000, 0x0000000100000000)
  region size 1024K, 39 young (39936K), 3 survivors (3072K)
 Metaspace       used 134515K, capacity 138972K, committed 139344K, reserved 1169408K
  class space    used 17086K, capacity 18728K, committed 18892K, reserved 1048576K
}
Event: 3096.746 GC heap after
{Heap after GC invocations=79 (full 0):
 garbage-first heap   total 239616K, used 160410K [0x0000000080000000, 0x0000000100000000)
  region size 1024K, 5 young (5120K), 5 survivors (5120K)
 Metaspace       used 134515K, capacity 138972K, committed 139344K, reserved 1169408K
  class space    used 17086K, capacity 18728K, committed 18892K, reserved 1048576K
}
Event: 3097.254 GC heap before
{Heap before GC invocations=79 (full 0):
 garbage-first heap   total 239616K, used 166554K [0x0000000080000000, 0x0000000100000000)
  region size 1024K, 11 young (11264K), 5 survivors (5120K)
 Metaspace       used 134897K, capacity 139250K, committed 139600K, reserved 1169408K
  class space    used 17155K, capacity 18801K, committed 18892K, reserved 1048576K
}
Event: 3097.319 GC heap after
{Heap after GC invocations=80 (full 0):
 garbage-first heap   total 239616K, used 151276K [0x0000000080000000, 0x0000000100000000)
  region size 1024K, 1 young (1024K), 1 survivors (1024K)
 Metaspace       used 134897K, capacity 139250K, committed 139600K, reserved 1169408K
  class space    used 17155K, capacity 18801K, committed 18892K, reserved 1048576K
}
Event: 3097.777 GC heap before
{Heap before GC invocations=80 (full 0):
 garbage-first heap   total 239616K, used 166636K [0x0000000080000000, 0x0000000100000000)
  region size 1024K, 11 young (11264K), 1 survivors (1024K)
 Metaspace       used 135003K, capacity 139434K, committed 139728K, reserved 1169408K
  class space    used 17170K, capacity 18841K, committed 19020K, reserved 1048576K
}

